Arguments: 
  /usr/local/Cellar/node/9.5.0/bin/node /usr/local/bin/yarn add web3 --python

PATH: 
  /usr/local/bin:/usr/bin:/bin:/usr/sbin:/sbin

Yarn version: 
  1.5.1

Node version: 
  9.5.0

Platform: 
  darwin x64

npm manifest: 
  {
    "name": "prakash_contract",
    "version": "1.0.0",
    "description": "",
    "main": "index.js",
    "scripts": {
      "test": "echo \"Error: no test specified\" && exit 1"
    },
    "repository": {
      "type": "git",
      "url": "git+https://github.com/vaibhavchellani/PrakashAppBackEnd.git"
    },
    "author": "",
    "license": "ISC",
    "bugs": {
      "url": "https://github.com/vaibhavchellani/PrakashAppBackEnd/issues"
    },
    "homepage": "https://github.com/vaibhavchellani/PrakashAppBackEnd#readme",
    "dependencies": {}
  }

yarn manifest: 
  No manifest

Lockfile: 
  No lockfile

Trace: 
  Error: /Users/darwin/Projects/Side-Projects/prakash_contract/node_modules/sha3: Command failed.
  Exit code: 1
  Command: sh
  Arguments: -c node-gyp rebuild
  Directory: /Users/darwin/Projects/Side-Projects/prakash_contract/node_modules/sha3
  Output:
  gyp info it worked if it ends with ok
  gyp info using node-gyp@3.6.2
  gyp info using node@9.5.0 | darwin | x64
  gyp ERR! configure error 
  gyp ERR! stack Error: Python executable "/usr/local/bin/python" is v3.6.4, which is not supported by gyp.
  gyp ERR! stack You can pass the --python switch to point to Python >= v2.5.0 & < 3.0.0.
  gyp ERR! stack     at PythonFinder.failPythonVersion (/usr/local/Cellar/node/9.5.0/libexec/lib/node_modules/npm/node_modules/node-gyp/lib/configure.js:492:19)
  gyp ERR! stack     at PythonFinder.<anonymous> (/usr/local/Cellar/node/9.5.0/libexec/lib/node_modules/npm/node_modules/node-gyp/lib/configure.js:474:14)
  gyp ERR! stack     at ChildProcess.exithandler (child_process.js:264:7)
  gyp ERR! stack     at ChildProcess.emit (events.js:160:13)
  gyp ERR! stack     at maybeClose (internal/child_process.js:943:16)
  gyp ERR! stack     at Process.ChildProcess._handle.onexit (internal/child_process.js:220:5)
  gyp ERR! System Darwin 17.3.0
  gyp ERR! command "/usr/local/Cellar/node/9.5.0/bin/node" "/usr/local/Cellar/node/9.5.0/libexec/lib/node_modules/npm/node_modules/node-gyp/bin/node-gyp.js" "rebuild"
  gyp ERR! cwd /Users/darwin/Projects/Side-Projects/prakash_contract/node_modules/sha3
  gyp ERR! node -v v9.5.0
  gyp ERR! node-gyp -v v3.6.2
  gyp ERR! not ok
      at ProcessTermError.MessageError (/usr/local/lib/node_modules/yarn/lib/cli.js:186:110)
      at new ProcessTermError (/usr/local/lib/node_modules/yarn/lib/cli.js:226:113)
      at ChildProcess.<anonymous> (/usr/local/lib/node_modules/yarn/lib/cli.js:30281:17)
      at ChildProcess.emit (events.js:160:13)
      at maybeClose (internal/child_process.js:943:16)
      at Socket.stream.socket.on (internal/child_process.js:363:11)
      at Socket.emit (events.js:160:13)
      at Pipe._handle.close [as _onclose] (net.js:562:12)
